Performing C SOURCE FILE Test CMAKE_HAVE_LIBC_PTHREAD failed with the following output:
Change Dir: /home/juanjqo/Documents/My_repositories/cpp-examples/cmake/build-vrep_interface-Desktop_Qt_6_3_1_GCC_64bit-Debug/CMakeFiles/CMakeTmp

Run Build Command(s):/home/juanjqo/Qt/Tools/Ninja/ninja cmTC_5cfda && [1/2] Building C object CMakeFiles/cmTC_5cfda.dir/src.c.o
[2/2] Linking C executable cmTC_5cfda
FAILED: cmTC_5cfda 
: && /home/linuxbrew/.linuxbrew/bin/gcc-11  -rdynamic CMakeFiles/cmTC_5cfda.dir/src.c.o -o cmTC_5cfda   && :
/home/linuxbrew/.linuxbrew/bin/ld: CMakeFiles/cmTC_5cfda.dir/src.c.o: in function `main':
src.c:(.text+0x2d): undefined reference to `pthread_create'
/home/linuxbrew/.linuxbrew/bin/ld: src.c:(.text+0x39): undefined reference to `pthread_detach'
/home/linuxbrew/.linuxbrew/bin/ld: src.c:(.text+0x45): undefined reference to `pthread_cancel'
/home/linuxbrew/.linuxbrew/bin/ld: src.c:(.text+0x56): undefined reference to `pthread_join'
collect2: error: ld returned 1 exit status
ninja: build stopped: subcommand failed.


Source file was:
#include <pthread.h>

static void* test_func(void* data)
{
  return data;
}

int main(void)
{
  pthread_t thread;
  pthread_create(&thread, NULL, test_func, NULL);
  pthread_detach(thread);
  pthread_cancel(thread);
  pthread_join(thread, NULL);
  pthread_atfork(NULL, NULL, NULL);
  pthread_exit(NULL);

  return 0;
}

Determining if the function pthread_create exists in the pthreads failed with the following output:
Change Dir: /home/juanjqo/Documents/My_repositories/cpp-examples/cmake/build-vrep_interface-Desktop_Qt_6_3_1_GCC_64bit-Debug/CMakeFiles/CMakeTmp

Run Build Command(s):/home/juanjqo/Qt/Tools/Ninja/ninja cmTC_7cab6 && [1/2] Building C object CMakeFiles/cmTC_7cab6.dir/CheckFunctionExists.c.o
[2/2] Linking C executable cmTC_7cab6
FAILED: cmTC_7cab6 
: && /home/linuxbrew/.linuxbrew/bin/gcc-11 -DCHECK_FUNCTION_EXISTS=pthread_create -rdynamic CMakeFiles/cmTC_7cab6.dir/CheckFunctionExists.c.o -o cmTC_7cab6  -lpthreads && :
/home/linuxbrew/.linuxbrew/bin/ld: cannot find -lpthreads: No such file or directory
collect2: error: ld returned 1 exit status
ninja: build stopped: subcommand failed.



